<?xml version="1.0" encoding="UTF-8"?>
<Site BuildName="(empty)"
	BuildStamp="20250513-0816-Experimental"
	Name="(empty)"
	Generator="ctest-3.31.6"
	CompilerName=""
	CompilerVersion=""
	OSName="Linux"
	Hostname="fedora"
	OSRelease="6.14.5-300.fc42.x86_64"
	OSVersion="#1 SMP PREEMPT_DYNAMIC Fri May  2 14:16:46 UTC 2025"
	OSPlatform="x86_64"
	Is64Bits="1"
	VendorString="GenuineIntel"
	VendorID="Intel Corporation"
	FamilyID="6"
	ModelID="42"
	ModelName="Intel(R) Core(TM) i7-2600 CPU @ 3.40GHz"
	ProcessorCacheSize="8192"
	NumberOfLogicalCPU="8"
	NumberOfPhysicalCPU="4"
	TotalVirtualMemory="7599"
	TotalPhysicalMemory="15939"
	LogicalProcessorsPerPhysical="2"
	ProcessorClockFrequency="3565.59"
	>
	<Testing>
		<StartDateTime>May 13 11:16 EEST</StartDateTime>
		<StartTestTime>1747124196</StartTestTime>
		<TestList/>
		<EndDateTime>May 13 11:16 EEST</EndDateTime>
		<EndTestTime>1747124196</EndTestTime>
		<ElapsedMinutes>0</ElapsedMinutes>
	</Testing>
</Site>
